[2023-11-17 13:38:49.561] [INFO ] [main] com.springboot.api.ApiApplication Starting ApiApplication using Java 11.0.7 on LAPTOP-7H7OAPAU with PID 22416 (C:\dev\github\Study2\springboot01\04\training\api\target\classes started by jth45 in C:\dev\github\Study2\springboot01\04\training\api)
[2023-11-17 13:38:49.565] [INFO ] [main] com.springboot.api.ApiApplication No active profile set, falling back to default profiles: default
[2023-11-17 13:38:50.592] [INFO ] [main] org.springframework.boot.web.embedded.tomcat.TomcatWebServer Tomcat initialized with port(s): 8080 (http)
[2023-11-17 13:38:50.599] [INFO ] [main] org.apache.coyote.http11.Http11NioProtocol Initializing ProtocolHandler ["http-nio-8080"]
[2023-11-17 13:38:50.600] [INFO ] [main] org.apache.catalina.core.StandardService Starting service [Tomcat]
[2023-11-17 13:38:50.605] [INFO ] [main] org.apache.catalina.core.StandardEngine Starting Servlet engine: [Apache Tomcat/9.0.54]
[2023-11-17 13:38:50.714] [INFO ] [main] org.apache.catalina.core.ContainerBase.[Tomcat].[localhost].[/] Initializing Spring embedded WebApplicationContext
[2023-11-17 13:38:50.714] [INFO ] [main] org.springframework.boot.web.servlet.context.ServletWebServerApplicationContext Root WebApplicationContext: initialization completed in 1084 ms
[2023-11-17 13:38:51.100] [INFO ] [main] springfox.documentation.spring.web.PropertySourcedRequestMappingHandlerMapping Mapped URL path [/v2/api-docs] onto method [springfox.documentation.swagger2.web.Swagger2Controller#getDocumentation(String, HttpServletRequest)]
[2023-11-17 13:38:51.260] [INFO ] [main] org.apache.coyote.http11.Http11NioProtocol Starting ProtocolHandler ["http-nio-8080"]
[2023-11-17 13:38:51.274] [INFO ] [main] org.springframework.boot.web.embedded.tomcat.TomcatWebServer Tomcat started on port(s): 8080 (http) with context path ''
[2023-11-17 13:38:51.275] [INFO ] [main] springfox.documentation.spring.web.plugins.DocumentationPluginsBootstrapper Context refreshed
[2023-11-17 13:38:51.286] [INFO ] [main] springfox.documentation.spring.web.plugins.DocumentationPluginsBootstrapper Found 1 custom documentation plugin(s)
[2023-11-17 13:38:51.308] [INFO ] [main] springfox.documentation.spring.web.scanners.ApiListingReferenceScanner Scanning for api listing references
[2023-11-17 13:38:51.461] [INFO ] [main] com.springboot.api.ApiApplication Started ApiApplication in 2.338 seconds (JVM running for 3.732)
[2023-11-17 13:39:06.097] [INFO ] [http-nio-8080-exec-1] org.apache.catalina.core.ContainerBase.[Tomcat].[localhost].[/] Initializing Spring DispatcherServlet 'dispatcherServlet'
[2023-11-17 13:39:06.099] [INFO ] [http-nio-8080-exec-1] org.springframework.web.servlet.DispatcherServlet Initializing Servlet 'dispatcherServlet'
[2023-11-17 13:39:06.100] [INFO ] [http-nio-8080-exec-1] org.springframework.web.servlet.DispatcherServlet Completed initialization in 1 ms
[2023-11-17 13:39:18.540] [INFO ] [http-nio-8080-exec-8] com.springboot.api.controller.GetController getHello 메서드가 호출되었습니다.
[2023-11-17 13:40:21.745] [INFO ] [main] com.springboot.api.ApiApplication Starting ApiApplication using Java 11.0.7 on LAPTOP-7H7OAPAU with PID 22356 (C:\dev\github\Study2\springboot01\04\training\api\target\classes started by jth45 in C:\dev\github\Study2\springboot01\04\training\api)
[2023-11-17 13:40:21.747] [INFO ] [main] com.springboot.api.ApiApplication No active profile set, falling back to default profiles: default
[2023-11-17 13:40:22.765] [INFO ] [main] org.springframework.boot.web.embedded.tomcat.TomcatWebServer Tomcat initialized with port(s): 8080 (http)
[2023-11-17 13:40:22.772] [INFO ] [main] org.apache.coyote.http11.Http11NioProtocol Initializing ProtocolHandler ["http-nio-8080"]
[2023-11-17 13:40:22.773] [INFO ] [main] org.apache.catalina.core.StandardService Starting service [Tomcat]
[2023-11-17 13:40:22.773] [INFO ] [main] org.apache.catalina.core.StandardEngine Starting Servlet engine: [Apache Tomcat/9.0.54]
[2023-11-17 13:40:22.884] [INFO ] [main] org.apache.catalina.core.ContainerBase.[Tomcat].[localhost].[/] Initializing Spring embedded WebApplicationContext
[2023-11-17 13:40:22.884] [INFO ] [main] org.springframework.boot.web.servlet.context.ServletWebServerApplicationContext Root WebApplicationContext: initialization completed in 1092 ms
[2023-11-17 13:40:23.227] [INFO ] [main] springfox.documentation.spring.web.PropertySourcedRequestMappingHandlerMapping Mapped URL path [/v2/api-docs] onto method [springfox.documentation.swagger2.web.Swagger2Controller#getDocumentation(String, HttpServletRequest)]
[2023-11-17 13:40:23.384] [INFO ] [main] org.apache.coyote.http11.Http11NioProtocol Starting ProtocolHandler ["http-nio-8080"]
[2023-11-17 13:40:23.399] [INFO ] [main] org.springframework.boot.web.embedded.tomcat.TomcatWebServer Tomcat started on port(s): 8080 (http) with context path ''
[2023-11-17 13:40:23.400] [INFO ] [main] springfox.documentation.spring.web.plugins.DocumentationPluginsBootstrapper Context refreshed
[2023-11-17 13:40:23.414] [INFO ] [main] springfox.documentation.spring.web.plugins.DocumentationPluginsBootstrapper Found 1 custom documentation plugin(s)
[2023-11-17 13:40:23.441] [INFO ] [main] springfox.documentation.spring.web.scanners.ApiListingReferenceScanner Scanning for api listing references
[2023-11-17 13:40:23.620] [INFO ] [main] com.springboot.api.ApiApplication Started ApiApplication in 2.343 seconds (JVM running for 3.709)
[2023-11-17 13:41:01.893] [INFO ] [http-nio-8080-exec-1] org.apache.catalina.core.ContainerBase.[Tomcat].[localhost].[/] Initializing Spring DispatcherServlet 'dispatcherServlet'
[2023-11-17 13:41:01.894] [INFO ] [http-nio-8080-exec-1] org.springframework.web.servlet.DispatcherServlet Initializing Servlet 'dispatcherServlet'
[2023-11-17 13:41:01.895] [INFO ] [http-nio-8080-exec-1] org.springframework.web.servlet.DispatcherServlet Completed initialization in 1 ms
[2023-11-17 13:41:01.914] [INFO ] [http-nio-8080-exec-1] com.springboot.api.controller.GetController @PathVariable을 통해 들어온 값 : Wikibooks
